<?xml version="1.0" encoding="UTF-8"?>
<!-- Generated by org.testng.reporters.JUnitReportReporter -->
<testsuite hostname="Shankar" failures="0" tests="1" name="advsele.classss" time="7.559" errors="0" timestamp="2023-12-28T23:49:35 IST" skipped="0">
  <testcase classname="advsele.classss" name="AccessDownload" time="7.559"/>
  <system-out/>
</testsuite> <!-- advsele.classss -->
