<?xml version="1.0" encoding="UTF-8"?>
<!-- Generated by org.testng.reporters.JUnitReportReporter -->
<testsuite hostname="Shankar" failures="0" tests="1" name="advsele.ChormeDemoWebShopTest" time="12.138" errors="0" timestamp="2023-12-20T15:07:00 IST" skipped="0">
  <testcase classname="advsele.ChormeDemoWebShopTest" name="chromeDemoWebShop" time="12.138"/>
  <system-out/>
</testsuite> <!-- advsele.ChormeDemoWebShopTest -->
