<?xml version="1.0" encoding="UTF-8"?>
<!-- Generated by org.testng.reporters.JUnitReportReporter -->
<testsuite hostname="Shankar" failures="0" tests="1" name="advsele.ChromeClassTest" time="84.895" errors="0" timestamp="2023-12-21T15:04:07 IST" skipped="0">
  <testcase classname="advsele.ChromeClassTest" name="chrome" time="84.895"/>
  <system-out/>
</testsuite> <!-- advsele.ChromeClassTest -->
