<?xml version="1.0" encoding="UTF-8"?>
<!-- Generated by org.testng.reporters.JUnitReportReporter -->
<testsuite hostname="Shankar" failures="0" tests="1" name="advsele.extendedreport" time="13.537" errors="0" timestamp="2023-12-23T14:47:02 IST" skipped="0">
  <testcase classname="advsele.extendedreport" name="report" time="13.537"/>
  <system-out/>
</testsuite> <!-- advsele.extendedreport -->
