<?xml version="1.0" encoding="UTF-8"?>
<!-- Generated by org.testng.reporters.JUnitReportReporter -->
<testsuite hostname="Shankar" failures="0" tests="3" name="advsele.SimpleTest" time="0.036" errors="0" timestamp="2024-02-28T13:00:48 IST" skipped="0">
  <testcase classname="advsele.SimpleTest" name="hii" time="0.018"/>
  <system-out>
welcome to great girikalan magic show  </system-out>
  <testcase classname="advsele.SimpleTest" name="hii" time="0.011"/>
  <system-out>
welcome to great girikalan magic show  </system-out>
  <testcase classname="advsele.SimpleTest" name="hii" time="0.007"/>
  <system-out>
welcome to great girikalan magic show  </system-out>
</testsuite> <!-- advsele.SimpleTest -->
