<?xml version="1.0" encoding="UTF-8"?>
<!-- Generated by org.testng.reporters.JUnitReportReporter -->
<testsuite hostname="Shankar" failures="0" tests="1" name="advsele.MakeMytripFlipghtBooking" time="26.836" errors="0" timestamp="2024-01-08T23:07:22 IST" skipped="0">
  <testcase classname="advsele.MakeMytripFlipghtBooking" name="accessApp" time="26.836"/>
  <system-out/>
</testsuite> <!-- advsele.MakeMytripFlipghtBooking -->
